This file contains any messages produced by compilers while
running configure, to aid debugging if configure makes a mistake.

It was created by libpng configure 1.6.34, which was
generated by GNU Autoconf 2.69.  Invocation command line was

  $ ./configure CFLAGS=--coverage -static

## --------- ##
## Platform. ##
## --------- ##

hostname = Lucianas-MacBook-Pro-16.local
uname -m = arm64
uname -r = 21.6.0
uname -s = Darwin
uname -v = Darwin Kernel Version 21.6.0: Mon Aug 22 20:19:52 PDT 2022; root:xnu-8020.140.49~2/RELEASE_ARM64_T6000

/usr/bin/uname -p = arm
/bin/uname -X     = unknown

/bin/arch              = unknown
/usr/bin/arch -k       = unknown
/usr/convex/getsysinfo = unknown
/usr/bin/hostinfo      = Mach kernel version:
	 Darwin Kernel Version 21.6.0: Mon Aug 22 20:19:52 PDT 2022; root:xnu-8020.140.49~2/RELEASE_ARM64_T6000
Kernel configured for up to 10 processors.
10 processors are physically available.
10 processors are logically available.
Processor type: arm64e (ARM64E)
Processors active: 0 1 2 3 4 5 6 7 8 9
Primary memory available: 16.00 gigabytes
Default processor set: 522 tasks, 3541 threads, 10 processors
Load average: 3.76, Mach factor: 6.55
/bin/machine           = unknown
/usr/bin/oslevel       = unknown
/bin/universe          = unknown

PATH: /Users/lucianasolorzano/opt/anaconda3/bin
PATH: /Users/lucianasolorzano/opt/anaconda3/condabin
PATH: /opt/homebrew/bin
PATH: /opt/homebrew/sbin
PATH: /usr/local/bin
PATH: /usr/bin
PATH: /bin
PATH: /usr/sbin
PATH: /sbin
PATH: /Library/Apple/usr/bin


## ----------- ##
## Core tests. ##
## ----------- ##

configure:2358: checking for a BSD-compatible install
configure:2426: result: /usr/bin/install -c
configure:2437: checking whether build environment is sane
configure:2492: result: yes
configure:2643: checking for a thread-safe mkdir -p
configure:2682: result: ./install-sh -c -d
configure:2689: checking for gawk
configure:2719: result: no
configure:2689: checking for mawk
configure:2719: result: no
configure:2689: checking for nawk
configure:2719: result: no
configure:2689: checking for awk
configure:2705: found /usr/bin/awk
configure:2716: result: awk
configure:2727: checking whether make sets $(MAKE)
configure:2749: result: yes
configure:2778: checking whether make supports nested variables
configure:2795: result: yes
configure:2925: checking whether to enable maintainer-specific portions of Makefiles
configure:2934: result: no
configure:3014: checking for gcc
configure:3030: found /usr/bin/gcc
configure:3041: result: gcc
configure:3270: checking for C compiler version
configure:3279: gcc --version >&5
Apple clang version 14.0.0 (clang-1400.0.29.202)
Target: arm64-apple-darwin21.6.0
Thread model: posix
InstalledDir: /Applications/Xcode.app/Contents/Developer/Toolchains/XcodeDefault.xctoolchain/usr/bin
configure:3290: $? = 0
configure:3279: gcc -v >&5
Apple clang version 14.0.0 (clang-1400.0.29.202)
Target: arm64-apple-darwin21.6.0
Thread model: posix
InstalledDir: /Applications/Xcode.app/Contents/Developer/Toolchains/XcodeDefault.xctoolchain/usr/bin
configure:3290: $? = 0
configure:3279: gcc -V >&5
clang: error: argument to '-V' is missing (expected 1 value)
clang: error: no input files
configure:3290: $? = 1
configure:3279: gcc -qversion >&5
clang: error: unknown argument '-qversion'; did you mean '--version'?
clang: error: no input files
configure:3290: $? = 1
configure:3310: checking whether the C compiler works
configure:3332: gcc --coverage -static   conftest.c  >&5
ld: library not found for -lcrt0.o
clang: error: linker command failed with exit code 1 (use -v to see invocation)
configure:3336: $? = 1
configure:3374: result: no
configure: failed program was:
| /* confdefs.h */
| #define PACKAGE_NAME "libpng"
| #define PACKAGE_TARNAME "libpng"
| #define PACKAGE_VERSION "1.6.34"
| #define PACKAGE_STRING "libpng 1.6.34"
| #define PACKAGE_BUGREPORT "png-mng-implement@lists.sourceforge.net"
| #define PACKAGE_URL ""
| #define PACKAGE "libpng"
| #define VERSION "1.6.34"
| /* end confdefs.h.  */
| 
| int
| main ()
| {
| 
|   ;
|   return 0;
| }
configure:3379: error: in `/Users/lucianasolorzano/Desktop/EECS 481/Hw5/libpng':
configure:3381: error: C compiler cannot create executables
See `config.log' for more details

## ---------------- ##
## Cache variables. ##
## ---------------- ##

ac_cv_env_CCASFLAGS_set=
ac_cv_env_CCASFLAGS_value=
ac_cv_env_CCAS_set=
ac_cv_env_CCAS_value=
ac_cv_env_CC_set=
ac_cv_env_CC_value=
ac_cv_env_CFLAGS_set=set
ac_cv_env_CFLAGS_value='--coverage -static'
ac_cv_env_CPPFLAGS_set=
ac_cv_env_CPPFLAGS_value=
ac_cv_env_CPP_set=
ac_cv_env_CPP_value=
ac_cv_env_LDFLAGS_set=
ac_cv_env_LDFLAGS_value=
ac_cv_env_LIBS_set=
ac_cv_env_LIBS_value=
ac_cv_env_LT_SYS_LIBRARY_PATH_set=
ac_cv_env_LT_SYS_LIBRARY_PATH_value=
ac_cv_env_PNG_COPTS_set=
ac_cv_env_PNG_COPTS_value=
ac_cv_env_build_alias_set=
ac_cv_env_build_alias_value=
ac_cv_env_host_alias_set=
ac_cv_env_host_alias_value=
ac_cv_env_target_alias_set=
ac_cv_env_target_alias_value=
ac_cv_path_install='/usr/bin/install -c'
ac_cv_prog_AWK=awk
ac_cv_prog_ac_ct_CC=gcc
ac_cv_prog_make_make_set=yes
am_cv_make_support_nested_variables=yes

## ----------------- ##
## Output variables. ##
## ----------------- ##

ACLOCAL='${SHELL} "/Users/lucianasolorzano/Desktop/EECS 481/Hw5/libpng/missing" aclocal-1.15'
AMDEPBACKSLASH=''
AMDEP_FALSE=''
AMDEP_TRUE=''
AMTAR='$${TAR-tar}'
AM_BACKSLASH='\'
AM_DEFAULT_V='$(AM_DEFAULT_VERBOSITY)'
AM_DEFAULT_VERBOSITY='1'
AM_V='$(V)'
AR=''
AS=''
AUTOCONF='${SHELL} "/Users/lucianasolorzano/Desktop/EECS 481/Hw5/libpng/missing" autoconf'
AUTOHEADER='${SHELL} "/Users/lucianasolorzano/Desktop/EECS 481/Hw5/libpng/missing" autoheader'
AUTOMAKE='${SHELL} "/Users/lucianasolorzano/Desktop/EECS 481/Hw5/libpng/missing" automake-1.15'
AWK='awk'
CC='gcc'
CCAS=''
CCASDEPMODE=''
CCASFLAGS=''
CCDEPMODE=''
CFLAGS='--coverage -static'
CPP=''
CPPFLAGS=''
CYGPATH_W='echo'
DEFS=''
DEPDIR=''
DFNCPP=''
DLLTOOL=''
DO_INSTALL_LIBPNG_CONFIG_FALSE=''
DO_INSTALL_LIBPNG_CONFIG_TRUE=''
DO_INSTALL_LIBPNG_PC_FALSE=''
DO_INSTALL_LIBPNG_PC_TRUE=''
DO_INSTALL_LINKS_FALSE=''
DO_INSTALL_LINKS_TRUE=''
DO_PNG_PREFIX_FALSE=''
DO_PNG_PREFIX_TRUE=''
DSYMUTIL=''
DUMPBIN=''
ECHO_C='\c'
ECHO_N=''
ECHO_T=''
EGREP=''
EXEEXT=''
FGREP=''
GREP=''
HAVE_CLOCK_GETTIME_FALSE=''
HAVE_CLOCK_GETTIME_TRUE=''
HAVE_LD_VERSION_SCRIPT_FALSE=''
HAVE_LD_VERSION_SCRIPT_TRUE=''
HAVE_SOLARIS_LD_FALSE=''
HAVE_SOLARIS_LD_TRUE=''
INSTALL_DATA='${INSTALL} -m 644'
INSTALL_PROGRAM='${INSTALL}'
INSTALL_SCRIPT='${INSTALL}'
INSTALL_STRIP_PROGRAM='$(install_sh) -c -s'
LD=''
LDFLAGS=''
LIBOBJS=''
LIBS=''
LIBTOOL=''
LIPO=''
LN_S=''
LTLIBOBJS=''
LT_SYS_LIBRARY_PATH=''
MAINT='#'
MAINTAINER_MODE_FALSE=''
MAINTAINER_MODE_TRUE='#'
MAKEINFO='${SHELL} "/Users/lucianasolorzano/Desktop/EECS 481/Hw5/libpng/missing" makeinfo'
MANIFEST_TOOL=''
MKDIR_P='./install-sh -c -d'
NM=''
NMEDIT=''
OBJDUMP=''
OBJEXT=''
OTOOL64=''
OTOOL=''
PACKAGE='libpng'
PACKAGE_BUGREPORT='png-mng-implement@lists.sourceforge.net'
PACKAGE_NAME='libpng'
PACKAGE_STRING='libpng 1.6.34'
PACKAGE_TARNAME='libpng'
PACKAGE_URL=''
PACKAGE_VERSION='1.6.34'
PATH_SEPARATOR=':'
PNGLIB_MAJOR='1'
PNGLIB_MINOR='6'
PNGLIB_RELEASE='34'
PNGLIB_VERSION='1.6.34'
PNG_ARM_NEON_FALSE=''
PNG_ARM_NEON_TRUE=''
PNG_COPTS=''
PNG_INTEL_SSE_FALSE=''
PNG_INTEL_SSE_TRUE=''
PNG_MIPS_MSA_FALSE=''
PNG_MIPS_MSA_TRUE=''
PNG_POWERPC_VSX_FALSE=''
PNG_POWERPC_VSX_TRUE=''
PNG_PREFIX=''
POW_LIB=''
RANLIB=''
SED=''
SET_MAKE=''
SHELL='/bin/sh'
STRIP=''
SYMBOL_PREFIX=''
VERSION='1.6.34'
ac_ct_AR=''
ac_ct_CC='gcc'
ac_ct_DUMPBIN=''
am__EXEEXT_FALSE=''
am__EXEEXT_TRUE=''
am__fastdepCCAS_FALSE=''
am__fastdepCCAS_TRUE=''
am__fastdepCC_FALSE=''
am__fastdepCC_TRUE=''
am__include=''
am__isrc=''
am__leading_dot='.'
am__nodep=''
am__quote=''
am__tar='$${TAR-tar} chof - "$$tardir"'
am__untar='$${TAR-tar} xf -'
binconfigs=''
bindir='${exec_prefix}/bin'
build=''
build_alias=''
build_cpu=''
build_os=''
build_vendor=''
datadir='${datarootdir}'
datarootdir='${prefix}/share'
docdir='${datarootdir}/doc/${PACKAGE_TARNAME}'
dvidir='${docdir}'
exec_prefix='NONE'
host=''
host_alias=''
host_cpu=''
host_os=''
host_vendor=''
htmldir='${docdir}'
includedir='${prefix}/include'
infodir='${datarootdir}/info'
install_sh='${SHELL} '\''/Users/lucianasolorzano/Desktop/EECS 481/Hw5/libpng/install-sh'\'''
libdir='${exec_prefix}/lib'
libexecdir='${exec_prefix}/libexec'
localedir='${datarootdir}/locale'
localstatedir='${prefix}/var'
mandir='${datarootdir}/man'
mkdir_p='$(MKDIR_P)'
oldincludedir='/usr/include'
pdfdir='${docdir}'
pkgconfigdir=''
prefix='NONE'
program_transform_name='s,x,x,'
psdir='${docdir}'
sbindir='${exec_prefix}/sbin'
sharedstatedir='${prefix}/com'
sysconfdir='${prefix}/etc'
target_alias=''

## ----------- ##
## confdefs.h. ##
## ----------- ##

/* confdefs.h */
#define PACKAGE_NAME "libpng"
#define PACKAGE_TARNAME "libpng"
#define PACKAGE_VERSION "1.6.34"
#define PACKAGE_STRING "libpng 1.6.34"
#define PACKAGE_BUGREPORT "png-mng-implement@lists.sourceforge.net"
#define PACKAGE_URL ""
#define PACKAGE "libpng"
#define VERSION "1.6.34"

configure: exit 77
